<?xml version="1.0" encoding="UTF-8"?>
<!-- Generated by org.testng.reporters.JUnitReportReporter -->
<testsuite hostname="LTPCHE032363038" failures="0" tests="1" name="com.myBanking.testCases.TC_AddCustomer_003" time="32.181" errors="0" timestamp="2023-02-07T15:17:46 IST" skipped="0">
  <testcase classname="com.myBanking.testCases.TC_AddCustomer_003" name="addNewCustomer" time="32.181"/>
  <system-out/>
</testsuite> <!-- com.myBanking.testCases.TC_AddCustomer_003 -->
